Flutter crash report.
Please report a bug at https://github.com/flutter/flutter/issues.

## command

flutter --no-color run --machine --track-widget-creation --device-id=emulator-5554 --start-paused --dart-define=flutter.inspector.structuredErrors=true lib/main.dart

## exception

LateError: LateInitializationError: Field 'userProperty' has not been initialized.

```
#0      AnalyticsImpl.userProperty (package:unified_analytics/src/analytics.dart)
#1      AnalyticsImpl.send (package:unified_analytics/src/analytics.dart:613:21)
#2      ErrorHandler.log (package:unified_analytics/src/error_handler.dart:29:18)
#3      Session._refreshSessionData (package:unified_analytics/src/session.dart:102:21)
#4      new Session (package:unified_analytics/src/session.dart:37:27)
#5      new AnalyticsImpl (package:unified_analytics/src/analytics.dart:429:23)
#6      new Analytics (package:unified_analytics/src/analytics.dart:87:12)
#7      getAnalytics (package:flutter_tools/src/reporting/unified_analytics.dart:51:10)
#8      runInContext.<anonymous closure> (package:flutter_tools/src/context_runner.dart:92:24)
#9      AppContext._generateIfNecessary.<anonymous closure> (package:flutter_tools/src/base/context.dart:107:42)
#10     _LinkedHashMapMixin.putIfAbsent (dart:collection-patch/compact_hash.dart:543:23)
#11     AppContext._generateIfNecessary (package:flutter_tools/src/base/context.dart:95:20)
#12     AppContext.get (package:flutter_tools/src/base/context.dart:124:32)
#13     AppContext.get (package:flutter_tools/src/base/context.dart:122:23)
#14     analytics (package:flutter_tools/src/globals.dart:98:36)
#15     runInContext.<anonymous closure> (package:flutter_tools/src/context_runner.dart:397:28)
#16     AppContext._generateIfNecessary.<anonymous closure> (package:flutter_tools/src/base/context.dart:107:42)
#17     _LinkedHashMapMixin.putIfAbsent (dart:collection-patch/compact_hash.dart:543:23)
#18     AppContext._generateIfNecessary (package:flutter_tools/src/base/context.dart:95:20)
#19     AppContext.get (package:flutter_tools/src/base/context.dart:124:32)
#20     AppContext.get (package:flutter_tools/src/base/context.dart:122:23)
#21     xcodeProjectInterpreter (package:flutter_tools/src/globals.dart:76:65)
#22     runInContext.<anonymous closure> (package:flutter_tools/src/context_runner.dart:370:42)
#23     AppContext._generateIfNecessary.<anonymous closure> (package:flutter_tools/src/base/context.dart:107:42)
#24     _LinkedHashMapMixin.putIfAbsent (dart:collection-patch/compact_hash.dart:543:23)
#25     AppContext._generateIfNecessary (package:flutter_tools/src/base/context.dart:95:20)
#26     AppContext.get (package:flutter_tools/src/base/context.dart:124:32)
#27     AppContext.get (package:flutter_tools/src/base/context.dart:122:23)
#28     xcode (package:flutter_tools/src/globals.dart:78:29)
#29     runInContext.<anonymous closure> (package:flutter_tools/src/context_runner.dart:265:24)
#30     AppContext._generateIfNecessary.<anonymous closure> (package:flutter_tools/src/base/context.dart:107:42)
#31     _LinkedHashMapMixin.putIfAbsent (dart:collection-patch/compact_hash.dart:543:23)
#32     AppContext._generateIfNecessary (package:flutter_tools/src/base/context.dart:95:20)
#33     AppContext.get (package:flutter_tools/src/base/context.dart:124:32)
#34     AppContext.get (package:flutter_tools/src/base/context.dart:122:23)
#35     iosSimulatorUtils (package:flutter_tools/src/globals.dart:66:53)
#36     runInContext.<anonymous closure> (package:flutter_tools/src/context_runner.dart:200:36)
#37     AppContext._generateIfNecessary.<anonymous closure> (package:flutter_tools/src/base/context.dart:107:42)
#38     _LinkedHashMapMixin.putIfAbsent (dart:collection-patch/compact_hash.dart:543:23)
#39     AppContext._generateIfNecessary (package:flutter_tools/src/base/context.dart:95:20)
#40     AppContext.get (package:flutter_tools/src/base/context.dart:124:32)
#41     AppContext.get (package:flutter_tools/src/base/context.dart:122:23)
#42     deviceManager (package:flutter_tools/src/globals.dart:63:45)
#43     FlutterCommandRunner.runCommand.<anonymous closure> (package:flutter_tools/src/runner/flutter_command_runner.dart:333:19)
<asynchronous suspension>
#44     AppContext.run.<anonymous closure> (package:flutter_tools/src/base/context.dart:153:19)
<asynchronous suspension>
#45     FlutterCommandRunner.runCommand (package:flutter_tools/src/runner/flutter_command_runner.dart:300:5)
<asynchronous suspension>
#46     run.<anonymous closure>.<anonymous closure> (package:flutter_tools/runner.dart:119:9)
<asynchronous suspension>
#47     AppContext.run.<anonymous closure> (package:flutter_tools/src/base/context.dart:153:19)
<asynchronous suspension>
#48     main (package:flutter_tools/executable.dart:94:3)
<asynchronous suspension>
```

## flutter doctor

```
[✓] Flutter (Channel master, 3.20.0-15.0.pre.24, on macOS 13.0 22A380 darwin-arm64 (Rosetta), locale ja-JP)
    • Flutter version 3.20.0-15.0.pre.24 on channel master at /Users/setsumeikin/Documents/flutter
    • Upstream repository https://github.com/flutter/flutter.git
    • Framework revision 450506868d (3 weeks ago), 2024-02-28 05:06:47 +0000
    • Engine revision c79117b706
    • Dart version 3.4.0 (build 3.4.0-183.0.dev)
    • DevTools version 2.33.0-dev.11

[✓] Android toolchain - develop for Android devices (Android SDK version 33.0.2)
    • Android SDK at /Users/setsumeikin/Library/Android/sdk
    • Platform android-34, build-tools 33.0.2
    • Java binary at: /Applications/Android Studio.app/Contents/jbr/Contents/Home/bin/java
    • Java version OpenJDK Runtime Environment (build 17.0.6+0-17.0.6b829.9-10027231)
    • All Android licenses accepted.

[✓] Xcode - develop for iOS and macOS (Xcode 14.2)
    • Xcode at /Applications/Xcode.app/Contents/Developer
    • Build 14C18
    • CocoaPods version 1.15.2

[✓] Chrome - develop for the web
    • Chrome at /Applications/Google Chrome.app/Contents/MacOS/Google Chrome

[✓] Android Studio (version 2022.3)
    • Android Studio at /Applications/Android Studio.app/Contents
    • Flutter plugin can be installed from:
      🔨 https://plugins.jetbrains.com/plugin/9212-flutter
    • Dart plugin can be installed from:
      🔨 https://plugins.jetbrains.com/plugin/6351-dart
    • Java version OpenJDK Runtime Environment (build 17.0.6+0-17.0.6b829.9-10027231)

[✓] VS Code (version 1.87.1)
    • VS Code at /Applications/Visual Studio Code.app/Contents
    • Flutter extension can be installed from:
      🔨 https://marketplace.visualstudio.com/items?itemName=Dart-Code.flutter

[✓] Connected device (4 available)
    • sdk gphone64 arm64 (mobile)     • emulator-5554         • android-arm64  • Android 13 (API 33) (emulator)
    • macOS (desktop)                 • macos                 • darwin-arm64   • macOS 13.0 22A380 darwin-arm64 (Rosetta)
    • Mac Designed for iPad (desktop) • mac-designed-for-ipad • darwin         • macOS 13.0 22A380 darwin-arm64 (Rosetta)
    • Chrome (web)                    • chrome                • web-javascript • Google Chrome 123.0.6312.59

[✓] Network resources
    • All expected network resources are available.

• No issues found!
```
